<?xml version="1.0" encoding="UTF-8"?>
<robot generator="Robot 3.2 (Python 3.8.2 on win32)" generated="20200713 19:41:40.341" rpa="false">
<suite id="s1" name="IntroRobotFramework" source="C:\Users\mou\eclipse-workspace\IntroRobotFramework">
<suite id="s1-s1" name="Test" source="C:\Users\mou\eclipse-workspace\IntroRobotFramework\test">
<suite id="s1-s1-s1" name="Test1" source="C:\Users\mou\eclipse-workspace\IntroRobotFramework\test\test1.robot">
<test id="s1-s1-s1-t1" name="My first test Selenium">
<kw name="Open Browser" library="SeleniumLibrary">
<doc>Opens a new browser instance to the optional ``url``.</doc>
<arguments>
<arg>${URL}</arg>
<arg>${Browser}</arg>
</arguments>
<msg timestamp="20200713 19:41:41.456" level="INFO">Opening browser 'gc' to base url 'https://opensource-demo.orangehrmlive.com/index.php/auth/login'.</msg>
<status status="PASS" starttime="20200713 19:41:41.453" endtime="20200713 19:41:56.482"></status>
</kw>
<kw name="Maximize Browser Window" library="SeleniumLibrary">
<doc>Maximizes current browser window.</doc>
<status status="PASS" starttime="20200713 19:41:56.483" endtime="20200713 19:41:58.631"></status>
</kw>
<kw name="Set Browser Implicit Wait" library="SeleniumLibrary">
<doc>Sets the implicit wait value used by Selenium.</doc>
<arguments>
<arg>5</arg>
</arguments>
<status status="PASS" starttime="20200713 19:41:58.631" endtime="20200713 19:41:58.634"></status>
</kw>
<kw name="Input Text" library="SeleniumLibrary">
<doc>Types the given ``text`` into the text field identified by ``locator``.</doc>
<arguments>
<arg>id=txtUsername</arg>
<arg>&amp;{DataLogin}[username]</arg>
</arguments>
<msg timestamp="20200713 19:41:58.635" level="WARN">Accessing variable items using '&amp;{DataLogin}[username]' syntax is deprecated. Use '${DataLogin}[username]' instead.</msg>
<msg timestamp="20200713 19:41:58.637" level="INFO">Typing text 'Admin' into text field 'id=txtUsername'.</msg>
<status status="PASS" starttime="20200713 19:41:58.634" endtime="20200713 19:41:58.882"></status>
</kw>
<kw name="Input Password" library="SeleniumLibrary">
<doc>Types the given password into the text field identified by ``locator``.</doc>
<arguments>
<arg>id=txtPassword</arg>
<arg>&amp;{DataLogin}[password]</arg>
</arguments>
<msg timestamp="20200713 19:41:58.884" level="WARN">Accessing variable items using '&amp;{DataLogin}[password]' syntax is deprecated. Use '${DataLogin}[password]' instead.</msg>
<msg timestamp="20200713 19:41:58.884" level="INFO">Typing password into text field 'id=txtPassword'.</msg>
<msg timestamp="20200713 19:41:58.997" level="INFO">Temporally setting log level to: NONE</msg>
<msg timestamp="20200713 19:41:59.135" level="INFO">Log level changed from NONE to INFO.</msg>
<status status="PASS" starttime="20200713 19:41:58.882" endtime="20200713 19:41:59.136"></status>
</kw>
<kw name="Click Button" library="SeleniumLibrary">
<doc>Clicks the button identified by ``locator``.</doc>
<arguments>
<arg>id=btnLogin</arg>
</arguments>
<msg timestamp="20200713 19:41:59.138" level="INFO">Clicking button 'id=btnLogin'.</msg>
<status status="PASS" starttime="20200713 19:41:59.137" endtime="20200713 19:42:07.597"></status>
</kw>
<kw name="Click Element" library="SeleniumLibrary">
<doc>Click the element identified by ``locator``.</doc>
<arguments>
<arg>id=welcome</arg>
</arguments>
<msg timestamp="20200713 19:42:07.600" level="INFO">Clicking element 'id=welcome'.</msg>
<status status="PASS" starttime="20200713 19:42:07.598" endtime="20200713 19:42:07.788"></status>
</kw>
<kw name="Click Element" library="SeleniumLibrary">
<doc>Click the element identified by ``locator``.</doc>
<arguments>
<arg>link=Logout</arg>
</arguments>
<msg timestamp="20200713 19:42:07.792" level="INFO">Clicking element 'link=Logout'.</msg>
<status status="PASS" starttime="20200713 19:42:07.790" endtime="20200713 19:42:09.637"></status>
</kw>
<kw name="Log" library="BuiltIn">
<doc>Logs the given message with the given level.</doc>
<arguments>
<arg>this test is executed by %{username} in %{os}</arg>
</arguments>
<msg timestamp="20200713 19:42:09.641" level="INFO">this test is executed by mou in Windows_NT</msg>
<status status="PASS" starttime="20200713 19:42:09.639" endtime="20200713 19:42:09.642"></status>
</kw>
<kw name="Log" library="BuiltIn">
<doc>Logs the given message with the given level.</doc>
<arguments>
<arg>Fin des tests</arg>
</arguments>
<msg timestamp="20200713 19:42:09.644" level="INFO">Fin des tests</msg>
<status status="PASS" starttime="20200713 19:42:09.643" endtime="20200713 19:42:09.645"></status>
</kw>
<status status="PASS" starttime="20200713 19:41:41.450" endtime="20200713 19:42:09.646" critical="yes"></status>
</test>
<status status="PASS" starttime="20200713 19:41:40.581" endtime="20200713 19:42:09.649"></status>
</suite>
<status status="PASS" starttime="20200713 19:41:40.563" endtime="20200713 19:42:09.658"></status>
</suite>
<status status="PASS" starttime="20200713 19:41:40.477" endtime="20200713 19:42:09.665"></status>
</suite>
<statistics>
<total>
<stat pass="1" fail="0">Critical Tests</stat>
<stat pass="1" fail="0">All Tests</stat>
</total>
<tag>
</tag>
<suite>
<stat pass="1" fail="0" id="s1" name="IntroRobotFramework">IntroRobotFramework</stat>
<stat pass="1" fail="0" id="s1-s1" name="Test">IntroRobotFramework.Test</stat>
<stat pass="1" fail="0" id="s1-s1-s1" name="Test1">IntroRobotFramework.Test.Test1</stat>
</suite>
</statistics>
<errors>
<msg timestamp="20200713 19:41:58.635" level="WARN">Accessing variable items using '&amp;{DataLogin}[username]' syntax is deprecated. Use '${DataLogin}[username]' instead.</msg>
<msg timestamp="20200713 19:41:58.884" level="WARN">Accessing variable items using '&amp;{DataLogin}[password]' syntax is deprecated. Use '${DataLogin}[password]' instead.</msg>
</errors>
</robot>
